# JRE version: Java(TM) SE Runtime Environment (8.0_172-b11) (build 1.8.0_172-b11)
# Java VM: Java HotSpot(TM) 64-Bit Server VM (25.172-b11 mixed mode linux-amd64 compressed oops)
Heap:
 PSYoungGen      total 306688K, used 19223K [0x00000000d7a00000, 0x00000000eba80000, 0x0000000100000000)
  eden space 285184K, 0% used [0x00000000d7a00000,0x00000000d7a00000,0x00000000e9080000)
  from space 21504K, 89% used [0x00000000e9080000,0x00000000ea345ff8,0x00000000ea580000)
  to   space 17408K, 0% used [0x00000000ea980000,0x00000000ea980000,0x00000000eba80000)
 ParOldGen       total 91136K, used 28168K [0x0000000086e00000, 0x000000008c700000, 0x00000000d7a00000)
  object space 91136K, 30% used [0x0000000086e00000,0x0000000088982148,0x000000008c700000)
 Metaspace       used 49401K, capacity 50030K, committed 50560K, reserved 1093632K
  class space    used 6249K, capacity 6403K, committed 6528K, reserved 1048576K
GC Heap History (10 events):
Event: 21.899 GC heap after
Heap after GC invocations=12 (full 1):
 PSYoungGen      total 174592K, used 18929K [0x00000000d7a00000, 0x00000000e6d80000, 0x0000000100000000)
  eden space 155648K, 0% used [0x00000000d7a00000,0x00000000d7a00000,0x00000000e1200000)
  from space 18944K, 99% used [0x00000000e1200000,0x00000000e247c690,0x00000000e2480000)
  to   space 22016K, 0% used [0x00000000e5800000,0x00000000e5800000,0x00000000e6d80000)
 ParOldGen       total 57344K, used 21577K [0x0000000086e00000, 0x000000008a600000, 0x00000000d7a00000)
  object space 57344K, 37% used [0x0000000086e00000,0x0000000088312578,0x000000008a600000)
 Metaspace       used 34593K, capacity 34946K, committed 35456K, reserved 1081344K
  class space    used 4293K, capacity 4395K, committed 4480K, reserved 1048576K
}
Event: 22.554 GC heap before
{Heap before GC invocations=13 (full 1):
 PSYoungGen      total 174592K, used 64714K [0x00000000d7a00000, 0x00000000e6d80000, 0x0000000100000000)
  eden space 155648K, 29% used [0x00000000d7a00000,0x00000000da6b6258,0x00000000e1200000)
  from space 18944K, 99% used [0x00000000e1200000,0x00000000e247c690,0x00000000e2480000)
  to   space 22016K, 0% used [0x00000000e5800000,0x00000000e5800000,0x00000000e6d80000)
 ParOldGen       total 57344K, used 21577K [0x0000000086e00000, 0x000000008a600000, 0x00000000d7a00000)
  object space 57344K, 37% used [0x0000000086e00000,0x0000000088312578,0x000000008a600000)
 Metaspace       used 34808K, capacity 35138K, committed 35456K, reserved 1081344K
  class space    used 4310K, capacity 4395K, committed 4480K, reserved 1048576K
Event: 22.626 GC heap after
Heap after GC invocations=13 (full 1):
 PSYoungGen      total 228352K, used 10325K [0x00000000d7a00000, 0x00000000e7a00000, 0x0000000100000000)
  eden space 206336K, 0% used [0x00000000d7a00000,0x00000000d7a00000,0x00000000e4380000)
  from space 22016K, 46% used [0x00000000e5800000,0x00000000e62154c8,0x00000000e6d80000)
  to   space 20992K, 0% used [0x00000000e4380000,0x00000000e4380000,0x00000000e5800000)
 ParOldGen       total 57344K, used 25897K [0x0000000086e00000, 0x000000008a600000, 0x00000000d7a00000)
  object space 57344K, 45% used [0x0000000086e00000,0x000000008874a5f8,0x000000008a600000)
 Metaspace       used 34808K, capacity 35138K, committed 35456K, reserved 1081344K
  class space    used 4310K, capacity 4395K, committed 4480K, reserved 1048576K
}
Event: 22.626 GC heap before
{Heap before GC invocations=14 (full 2):
 PSYoungGen      total 228352K, used 10325K [0x00000000d7a00000, 0x00000000e7a00000, 0x0000000100000000)
  eden space 206336K, 0% used [0x00000000d7a00000,0x00000000d7a00000,0x00000000e4380000)
  from space 22016K, 46% used [0x00000000e5800000,0x00000000e62154c8,0x00000000e6d80000)
  to   space 20992K, 0% used [0x00000000e4380000,0x00000000e4380000,0x00000000e5800000)
 ParOldGen       total 57344K, used 25897K [0x0000000086e00000, 0x000000008a600000, 0x00000000d7a00000)
  object space 57344K, 45% used [0x0000000086e00000,0x000000008874a5f8,0x000000008a600000)
 Metaspace       used 34808K, capacity 35138K, committed 35456K, reserved 1081344K
  class space    used 4310K, capacity 4395K, committed 4480K, reserved 1048576K
Event: 22.878 GC heap after
Heap after GC invocations=14 (full 2):
 PSYoungGen      total 228352K, used 0K [0x00000000d7a00000, 0x00000000e7a00000, 0x0000000100000000)
  eden space 206336K, 0% used [0x00000000d7a00000,0x00000000d7a00000,0x00000000e4380000)
  from space 22016K, 0% used [0x00000000e5800000,0x00000000e5800000,0x00000000e6d80000)
  to   space 20992K, 0% used [0x00000000e4380000,0x00000000e4380000,0x00000000e5800000)
 ParOldGen       total 91136K, used 22624K [0x0000000086e00000, 0x000000008c700000, 0x00000000d7a00000)
  object space 91136K, 24% used [0x0000000086e00000,0x0000000088418108,0x000000008c700000)
 Metaspace       used 34808K, capacity 35138K, committed 35456K, reserved 1081344K
  class space    used 4310K, capacity 4395K, committed 4480K, reserved 1048576K
}
Event: 28.792 GC heap before
{Heap before GC invocations=15 (full 2):
 PSYoungGen      total 228352K, used 206336K [0x00000000d7a00000, 0x00000000e7a00000, 0x0000000100000000)
  eden space 206336K, 100% used [0x00000000d7a00000,0x00000000e4380000,0x00000000e4380000)
  from space 22016K, 0% used [0x00000000e5800000,0x00000000e5800000,0x00000000e6d80000)
  to   space 20992K, 0% used [0x00000000e4380000,0x00000000e4380000,0x00000000e5800000)
 ParOldGen       total 91136K, used 22624K [0x0000000086e00000, 0x000000008c700000, 0x00000000d7a00000)
  object space 91136K, 24% used [0x0000000086e00000,0x0000000088418108,0x000000008c700000)
 Metaspace       used 36491K, capacity 36890K, committed 37248K, reserved 1081344K
  class space    used 4538K, capacity 4655K, committed 4736K, reserved 1048576K
Event: 28.855 GC heap after
Heap after GC invocations=15 (full 2):
 PSYoungGen      total 227328K, used 14440K [0x00000000d7a00000, 0x00000000ebf00000, 0x0000000100000000)
  eden space 206336K, 0% used [0x00000000d7a00000,0x00000000d7a00000,0x00000000e4380000)
  from space 20992K, 68% used [0x00000000e4380000,0x00000000e519a090,0x00000000e5800000)
  to   space 22016K, 0% used [0x00000000ea980000,0x00000000ea980000,0x00000000ebf00000)
 ParOldGen       total 91136K, used 22632K [0x0000000086e00000, 0x000000008c700000, 0x00000000d7a00000)
  object space 91136K, 24% used [0x0000000086e00000,0x000000008841a108,0x000000008c700000)
 Metaspace       used 36491K, capacity 36890K, committed 37248K, reserved 1081344K
  class space    used 4538K, capacity 4655K, committed 4736K, reserved 1048576K
}
Event: 33.633 GC heap before
{Heap before GC invocations=16 (full 2):
 PSYoungGen      total 227328K, used 220776K [0x00000000d7a00000, 0x00000000ebf00000, 0x0000000100000000)
  eden space 206336K, 100% used [0x00000000d7a00000,0x00000000e4380000,0x00000000e4380000)
  from space 20992K, 68% used [0x00000000e4380000,0x00000000e519a090,0x00000000e5800000)
  to   space 22016K, 0% used [0x00000000ea980000,0x00000000ea980000,0x00000000ebf00000)
 ParOldGen       total 91136K, used 22632K [0x0000000086e00000, 0x000000008c700000, 0x00000000d7a00000)
  object space 91136K, 24% used [0x0000000086e00000,0x000000008841a108,0x000000008c700000)
 Metaspace       used 38015K, capacity 38412K, committed 38912K, reserved 1083392K
  class space    used 4714K, capacity 4828K, committed 4864K, reserved 1048576K
Event: 33.714 GC heap after
Heap after GC invocations=16 (full 2):
 PSYoungGen      total 302592K, used 12572K [0x00000000d7a00000, 0x00000000eba80000, 0x0000000100000000)
  eden space 285184K, 0% used [0x00000000d7a00000,0x00000000d7a00000,0x00000000e9080000)
  from space 17408K, 72% used [0x00000000ea980000,0x00000000eb5c7060,0x00000000eba80000)
  to   space 21504K, 0% used [0x00000000e9080000,0x00000000e9080000,0x00000000ea580000)
 ParOldGen       total 91136K, used 22632K [0x0000000086e00000, 0x000000008c700000, 0x00000000d7a00000)
  object space 91136K, 24% used [0x0000000086e00000,0x000000008841a108,0x000000008c700000)
 Metaspace       used 38015K, capacity 38412K, committed 38912K, reserved 1083392K
  class space    used 4714K, capacity 4828K, committed 4864K, reserved 1048576K
}
Event: 89.077 GC heap before
{Heap before GC invocations=17 (full 2):
 PSYoungGen      total 302592K, used 297756K [0x00000000d7a00000, 0x00000000eba80000, 0x0000000100000000)
  eden space 285184K, 100% used [0x00000000d7a00000,0x00000000e9080000,0x00000000e9080000)
  from space 17408K, 72% used [0x00000000ea980000,0x00000000eb5c7060,0x00000000eba80000)
  to   space 21504K, 0% used [0x00000000e9080000,0x00000000e9080000,0x00000000ea580000)
 ParOldGen       total 91136K, used 22632K [0x0000000086e00000, 0x000000008c700000, 0x00000000d7a00000)
  object space 91136K, 24% used [0x0000000086e00000,0x000000008841a108,0x000000008c700000)
 Metaspace       used 49401K, capacity 50030K, committed 50560K, reserved 1093632K
  class space    used 6249K, capacity 6403K, committed 6528K, reserved 1048576K

