# JRE version: Java(TM) SE Runtime Environment (8.0_172-b11) (build 1.8.0_172-b11)
# Java VM: Java HotSpot(TM) 64-Bit Server VM (25.172-b11 mixed mode linux-amd64 compressed oops)
Heap:
 PSYoungGen      total 332800K, used 15735K [0x00000000d7a00000, 0x00000000edb80000, 0x0000000100000000)
  eden space 312320K, 0% used [0x00000000d7a00000,0x00000000d7a00000,0x00000000eab00000)
  from space 20480K, 76% used [0x00000000eb380000,0x00000000ec2ddda0,0x00000000ec780000)
  to   space 15872K, 0% used [0x00000000ecc00000,0x00000000ecc00000,0x00000000edb80000)
 ParOldGen       total 90112K, used 28581K [0x0000000086e00000, 0x000000008c600000, 0x00000000d7a00000)
  object space 90112K, 31% used [0x0000000086e00000,0x00000000889e97f8,0x000000008c600000)
 Metaspace       used 42925K, capacity 43514K, committed 43776K, reserved 1087488K
  class space    used 5345K, capacity 5513K, committed 5632K, reserved 1048576K
GC Heap History (10 events):
Event: 14.571 GC heap after
Heap after GC invocations=10 (full 1):
 PSYoungGen      total 175104K, used 11237K [0x00000000d7a00000, 0x00000000e7a00000, 0x0000000100000000)
  eden space 163840K, 0% used [0x00000000d7a00000,0x00000000d7a00000,0x00000000e1a00000)
  from space 11264K, 99% used [0x00000000e1a00000,0x00000000e24f9450,0x00000000e2500000)
  to   space 17408K, 0% used [0x00000000e6900000,0x00000000e6900000,0x00000000e7a00000)
 ParOldGen       total 52224K, used 20711K [0x0000000086e00000, 0x000000008a100000, 0x00000000d7a00000)
  object space 52224K, 39% used [0x0000000086e00000,0x0000000088239d00,0x000000008a100000)
 Metaspace       used 32908K, capacity 33284K, committed 33664K, reserved 1079296K
  class space    used 4057K, capacity 4166K, committed 4224K, reserved 1048576K
}
Event: 16.714 GC heap before
{Heap before GC invocations=11 (full 1):
 PSYoungGen      total 175104K, used 175077K [0x00000000d7a00000, 0x00000000e7a00000, 0x0000000100000000)
  eden space 163840K, 100% used [0x00000000d7a00000,0x00000000e1a00000,0x00000000e1a00000)
  from space 11264K, 99% used [0x00000000e1a00000,0x00000000e24f9450,0x00000000e2500000)
  to   space 17408K, 0% used [0x00000000e6900000,0x00000000e6900000,0x00000000e7a00000)
 ParOldGen       total 52224K, used 20711K [0x0000000086e00000, 0x000000008a100000, 0x00000000d7a00000)
  object space 52224K, 39% used [0x0000000086e00000,0x0000000088239d00,0x000000008a100000)
 Metaspace       used 34483K, capacity 34780K, committed 35200K, reserved 1079296K
  class space    used 4283K, capacity 4362K, committed 4480K, reserved 1048576K
Event: 16.778 GC heap after
Heap after GC invocations=11 (full 1):
 PSYoungGen      total 243200K, used 14699K [0x00000000d7a00000, 0x00000000e7f00000, 0x0000000100000000)
  eden space 225792K, 0% used [0x00000000d7a00000,0x00000000d7a00000,0x00000000e5680000)
  from space 17408K, 84% used [0x00000000e6900000,0x00000000e775aeb8,0x00000000e7a00000)
  to   space 18944K, 0% used [0x00000000e5680000,0x00000000e5680000,0x00000000e6900000)
 ParOldGen       total 52224K, used 25039K [0x0000000086e00000, 0x000000008a100000, 0x00000000d7a00000)
  object space 52224K, 47% used [0x0000000086e00000,0x0000000088673d80,0x000000008a100000)
 Metaspace       used 34483K, capacity 34780K, committed 35200K, reserved 1079296K
  class space    used 4283K, capacity 4362K, committed 4480K, reserved 1048576K
}
Event: 18.007 GC heap before
{Heap before GC invocations=12 (full 1):
 PSYoungGen      total 243200K, used 125967K [0x00000000d7a00000, 0x00000000e7f00000, 0x0000000100000000)
  eden space 225792K, 49% used [0x00000000d7a00000,0x00000000de6a9080,0x00000000e5680000)
  from space 17408K, 84% used [0x00000000e6900000,0x00000000e775aeb8,0x00000000e7a00000)
  to   space 18944K, 0% used [0x00000000e5680000,0x00000000e5680000,0x00000000e6900000)
 ParOldGen       total 52224K, used 25039K [0x0000000086e00000, 0x000000008a100000, 0x00000000d7a00000)
  object space 52224K, 47% used [0x0000000086e00000,0x0000000088673d80,0x000000008a100000)
 Metaspace       used 34815K, capacity 35138K, committed 35456K, reserved 1081344K
  class space    used 4310K, capacity 4395K, committed 4480K, reserved 1048576K
Event: 18.103 GC heap after
Heap after GC invocations=12 (full 1):
 PSYoungGen      total 244736K, used 5294K [0x00000000d7a00000, 0x00000000ede00000, 0x0000000100000000)
  eden space 225792K, 0% used [0x00000000d7a00000,0x00000000d7a00000,0x00000000e5680000)
  from space 18944K, 27% used [0x00000000e5680000,0x00000000e5bab940,0x00000000e6900000)
  to   space 18432K, 0% used [0x00000000ecc00000,0x00000000ecc00000,0x00000000ede00000)
 ParOldGen       total 52224K, used 33834K [0x0000000086e00000, 0x000000008a100000, 0x00000000d7a00000)
  object space 52224K, 64% used [0x0000000086e00000,0x0000000088f0a928,0x000000008a100000)
 Metaspace       used 34815K, capacity 35138K, committed 35456K, reserved 1081344K
  class space    used 4310K, capacity 4395K, committed 4480K, reserved 1048576K
}
Event: 18.103 GC heap before
{Heap before GC invocations=13 (full 2):
 PSYoungGen      total 244736K, used 5294K [0x00000000d7a00000, 0x00000000ede00000, 0x0000000100000000)
  eden space 225792K, 0% used [0x00000000d7a00000,0x00000000d7a00000,0x00000000e5680000)
  from space 18944K, 27% used [0x00000000e5680000,0x00000000e5bab940,0x00000000e6900000)
  to   space 18432K, 0% used [0x00000000ecc00000,0x00000000ecc00000,0x00000000ede00000)
 ParOldGen       total 52224K, used 33834K [0x0000000086e00000, 0x000000008a100000, 0x00000000d7a00000)
  object space 52224K, 64% used [0x0000000086e00000,0x0000000088f0a928,0x000000008a100000)
 Metaspace       used 34815K, capacity 35138K, committed 35456K, reserved 1081344K
  class space    used 4310K, capacity 4395K, committed 4480K, reserved 1048576K
Event: 18.378 GC heap after
Heap after GC invocations=13 (full 2):
 PSYoungGen      total 244736K, used 0K [0x00000000d7a00000, 0x00000000ede00000, 0x0000000100000000)
  eden space 225792K, 0% used [0x00000000d7a00000,0x00000000d7a00000,0x00000000e5680000)
  from space 18944K, 0% used [0x00000000e5680000,0x00000000e5680000,0x00000000e6900000)
  to   space 18432K, 0% used [0x00000000ecc00000,0x00000000ecc00000,0x00000000ede00000)
 ParOldGen       total 90112K, used 25121K [0x0000000086e00000, 0x000000008c600000, 0x00000000d7a00000)
  object space 90112K, 27% used [0x0000000086e00000,0x00000000886887d8,0x000000008c600000)
 Metaspace       used 34815K, capacity 35138K, committed 35456K, reserved 1081344K
  class space    used 4310K, capacity 4395K, committed 4480K, reserved 1048576K
}
Event: 21.009 GC heap before
{Heap before GC invocations=14 (full 2):
 PSYoungGen      total 244736K, used 225792K [0x00000000d7a00000, 0x00000000ede00000, 0x0000000100000000)
  eden space 225792K, 100% used [0x00000000d7a00000,0x00000000e5680000,0x00000000e5680000)
  from space 18944K, 0% used [0x00000000e5680000,0x00000000e5680000,0x00000000e6900000)
  to   space 18432K, 0% used [0x00000000ecc00000,0x00000000ecc00000,0x00000000ede00000)
 ParOldGen       total 90112K, used 25121K [0x0000000086e00000, 0x000000008c600000, 0x00000000d7a00000)
  object space 90112K, 27% used [0x0000000086e00000,0x00000000886887d8,0x000000008c600000)
 Metaspace       used 36913K, capacity 37274K, committed 37760K, reserved 1083392K
  class space    used 4598K, capacity 4719K, committed 4736K, reserved 1048576K
Event: 21.029 GC heap after
Heap after GC invocations=14 (full 2):
 PSYoungGen      total 328192K, used 15808K [0x00000000d7a00000, 0x00000000edb80000, 0x0000000100000000)
  eden space 312320K, 0% used [0x00000000d7a00000,0x00000000d7a00000,0x00000000eab00000)
  from space 15872K, 99% used [0x00000000ecc00000,0x00000000edb70270,0x00000000edb80000)
  to   space 20480K, 0% used [0x00000000eb380000,0x00000000eb380000,0x00000000ec780000)
 ParOldGen       total 90112K, used 25121K [0x0000000086e00000, 0x000000008c600000, 0x00000000d7a00000)
  object space 90112K, 27% used [0x0000000086e00000,0x00000000886887d8,0x000000008c600000)
 Metaspace       used 36913K, capacity 37274K, committed 37760K, reserved 1083392K
  class space    used 4598K, capacity 4719K, committed 4736K, reserved 1048576K
}
Event: 24.201 GC heap before
{Heap before GC invocations=15 (full 2):
 PSYoungGen      total 328192K, used 328128K [0x00000000d7a00000, 0x00000000edb80000, 0x0000000100000000)
  eden space 312320K, 100% used [0x00000000d7a00000,0x00000000eab00000,0x00000000eab00000)
  from space 15872K, 99% used [0x00000000ecc00000,0x00000000edb70270,0x00000000edb80000)
  to   space 20480K, 0% used [0x00000000eb380000,0x00000000eb380000,0x00000000ec780000)
 ParOldGen       total 90112K, used 25121K [0x0000000086e00000, 0x000000008c600000, 0x00000000d7a00000)
  object space 90112K, 27% used [0x0000000086e00000,0x00000000886887d8,0x000000008c600000)
 Metaspace       used 42925K, capacity 43514K, committed 43776K, reserved 1087488K
  class space    used 5345K, capacity 5513K, committed 5632K, reserved 1048576K

