# JRE version: Java(TM) SE Runtime Environment (8.0_172-b11) (build 1.8.0_172-b11)
# Java VM: Java HotSpot(TM) 64-Bit Server VM (25.172-b11 mixed mode linux-amd64 compressed oops)
Heap:
 PSYoungGen      total 233984K, used 9203K [0x00000000d7a00000, 0x00000000e7d00000, 0x0000000100000000)
  eden space 224768K, 0% used [0x00000000d7a00000,0x00000000d7a00000,0x00000000e5580000)
  from space 9216K, 99% used [0x00000000e6b00000,0x00000000e73fcc60,0x00000000e7400000)
  to   space 5632K, 0% used [0x00000000e7780000,0x00000000e7780000,0x00000000e7d00000)
 ParOldGen       total 47104K, used 15243K [0x0000000086e00000, 0x0000000089c00000, 0x00000000d7a00000)
  object space 47104K, 32% used [0x0000000086e00000,0x0000000087ce2ed8,0x0000000089c00000)
 Metaspace       used 30207K, capacity 30580K, committed 30720K, reserved 1077248K
  class space    used 3717K, capacity 3807K, committed 3840K, reserved 1048576K
GC Heap History (10 events):
Event: 6.711 GC heap after
Heap after GC invocations=3 (full 0):
 PSYoungGen      total 67584K, used 5108K [0x00000000d7a00000, 0x00000000dfe00000, 0x0000000100000000)
  eden space 62464K, 0% used [0x00000000d7a00000,0x00000000d7a00000,0x00000000db700000)
  from space 5120K, 99% used [0x00000000db700000,0x00000000dbbfd208,0x00000000dbc00000)
  to   space 5120K, 0% used [0x00000000df900000,0x00000000df900000,0x00000000dfe00000)
 ParOldGen       total 83456K, used 2909K [0x0000000086e00000, 0x000000008bf80000, 0x00000000d7a00000)
  object space 83456K, 3% used [0x0000000086e00000,0x00000000870d77c8,0x000000008bf80000)
 Metaspace       used 13052K, capacity 13174K, committed 13440K, reserved 1060864K
  class space    used 1585K, capacity 1622K, committed 1664K, reserved 1048576K
}
Event: 10.309 GC heap before
{Heap before GC invocations=4 (full 0):
 PSYoungGen      total 67584K, used 67572K [0x00000000d7a00000, 0x00000000dfe00000, 0x0000000100000000)
  eden space 62464K, 100% used [0x00000000d7a00000,0x00000000db700000,0x00000000db700000)
  from space 5120K, 99% used [0x00000000db700000,0x00000000dbbfd208,0x00000000dbc00000)
  to   space 5120K, 0% used [0x00000000df900000,0x00000000df900000,0x00000000dfe00000)
 ParOldGen       total 83456K, used 2909K [0x0000000086e00000, 0x000000008bf80000, 0x00000000d7a00000)
  object space 83456K, 3% used [0x0000000086e00000,0x00000000870d77c8,0x000000008bf80000)
 Metaspace       used 20293K, capacity 20500K, committed 20736K, reserved 1067008K
  class space    used 2447K, capacity 2529K, committed 2560K, reserved 1048576K
Event: 10.358 GC heap after
Heap after GC invocations=4 (full 0):
 PSYoungGen      total 130048K, used 5093K [0x00000000d7a00000, 0x00000000dfe00000, 0x0000000100000000)
  eden space 124928K, 0% used [0x00000000d7a00000,0x00000000d7a00000,0x00000000df400000)
  from space 5120K, 99% used [0x00000000df900000,0x00000000dfdf9508,0x00000000dfe00000)
  to   space 5120K, 0% used [0x00000000df400000,0x00000000df400000,0x00000000df900000)
 ParOldGen       total 83456K, used 6155K [0x0000000086e00000, 0x000000008bf80000, 0x00000000d7a00000)
  object space 83456K, 7% used [0x0000000086e00000,0x0000000087402d78,0x000000008bf80000)
 Metaspace       used 20293K, capacity 20500K, committed 20736K, reserved 1067008K
  class space    used 2447K, capacity 2529K, committed 2560K, reserved 1048576K
}
Event: 10.621 GC heap before
{Heap before GC invocations=5 (full 0):
 PSYoungGen      total 130048K, used 12623K [0x00000000d7a00000, 0x00000000dfe00000, 0x0000000100000000)
  eden space 124928K, 6% used [0x00000000d7a00000,0x00000000d815a750,0x00000000df400000)
  from space 5120K, 99% used [0x00000000df900000,0x00000000dfdf9508,0x00000000dfe00000)
  to   space 5120K, 0% used [0x00000000df400000,0x00000000df400000,0x00000000df900000)
 ParOldGen       total 83456K, used 6155K [0x0000000086e00000, 0x000000008bf80000, 0x00000000d7a00000)
  object space 83456K, 7% used [0x0000000086e00000,0x0000000087402d78,0x000000008bf80000)
 Metaspace       used 20902K, capacity 21114K, committed 21296K, reserved 1069056K
  class space    used 2547K, capacity 2626K, committed 2688K, reserved 1048576K
Event: 10.668 GC heap after
Heap after GC invocations=5 (full 0):
 PSYoungGen      total 130048K, used 5109K [0x00000000d7a00000, 0x00000000e8100000, 0x0000000100000000)
  eden space 124928K, 0% used [0x00000000d7a00000,0x00000000d7a00000,0x00000000df400000)
  from space 5120K, 99% used [0x00000000df400000,0x00000000df8fd610,0x00000000df900000)
  to   space 9728K, 0% used [0x00000000e7780000,0x00000000e7780000,0x00000000e8100000)
 ParOldGen       total 83456K, used 6938K [0x0000000086e00000, 0x000000008bf80000, 0x00000000d7a00000)
  object space 83456K, 8% used [0x0000000086e00000,0x00000000874c68a8,0x000000008bf80000)
 Metaspace       used 20902K, capacity 21114K, committed 21296K, reserved 1069056K
  class space    used 2547K, capacity 2626K, committed 2688K, reserved 1048576K
}
Event: 10.668 GC heap before
{Heap before GC invocations=6 (full 1):
 PSYoungGen      total 130048K, used 5109K [0x00000000d7a00000, 0x00000000e8100000, 0x0000000100000000)
  eden space 124928K, 0% used [0x00000000d7a00000,0x00000000d7a00000,0x00000000df400000)
  from space 5120K, 99% used [0x00000000df400000,0x00000000df8fd610,0x00000000df900000)
  to   space 9728K, 0% used [0x00000000e7780000,0x00000000e7780000,0x00000000e8100000)
 ParOldGen       total 83456K, used 6938K [0x0000000086e00000, 0x000000008bf80000, 0x00000000d7a00000)
  object space 83456K, 8% used [0x0000000086e00000,0x00000000874c68a8,0x000000008bf80000)
 Metaspace       used 20902K, capacity 21114K, committed 21296K, reserved 1069056K
  class space    used 2547K, capacity 2626K, committed 2688K, reserved 1048576K
Event: 10.810 GC heap after
Heap after GC invocations=6 (full 1):
 PSYoungGen      total 130048K, used 0K [0x00000000d7a00000, 0x00000000e8100000, 0x0000000100000000)
  eden space 124928K, 0% used [0x00000000d7a00000,0x00000000d7a00000,0x00000000df400000)
  from space 5120K, 0% used [0x00000000df400000,0x00000000df400000,0x00000000df900000)
  to   space 9728K, 0% used [0x00000000e7780000,0x00000000e7780000,0x00000000e8100000)
 ParOldGen       total 47104K, used 5931K [0x0000000086e00000, 0x0000000089c00000, 0x00000000d7a00000)
  object space 47104K, 12% used [0x0000000086e00000,0x00000000873cad30,0x0000000089c00000)
 Metaspace       used 20902K, capacity 21114K, committed 21296K, reserved 1069056K
  class space    used 2547K, capacity 2626K, committed 2688K, reserved 1048576K
}
Event: 16.300 GC heap before
{Heap before GC invocations=7 (full 1):
 PSYoungGen      total 130048K, used 124928K [0x00000000d7a00000, 0x00000000e8100000, 0x0000000100000000)
  eden space 124928K, 100% used [0x00000000d7a00000,0x00000000df400000,0x00000000df400000)
  from space 5120K, 0% used [0x00000000df400000,0x00000000df400000,0x00000000df900000)
  to   space 9728K, 0% used [0x00000000e7780000,0x00000000e7780000,0x00000000e8100000)
 ParOldGen       total 47104K, used 5931K [0x0000000086e00000, 0x0000000089c00000, 0x00000000d7a00000)
  object space 47104K, 12% used [0x0000000086e00000,0x00000000873cad30,0x0000000089c00000)
 Metaspace       used 22937K, capacity 23216K, committed 23344K, reserved 1069056K
  class space    used 2803K, capacity 2891K, committed 2944K, reserved 1048576K
Event: 16.413 GC heap after
Heap after GC invocations=7 (full 1):
 PSYoungGen      total 230400K, used 5596K [0x00000000d7a00000, 0x00000000e7d00000, 0x0000000100000000)
  eden space 224768K, 0% used [0x00000000d7a00000,0x00000000d7a00000,0x00000000e5580000)
  from space 5632K, 99% used [0x00000000e7780000,0x00000000e7cf70a0,0x00000000e7d00000)
  to   space 9216K, 0% used [0x00000000e6b00000,0x00000000e6b00000,0x00000000e7400000)
 ParOldGen       total 47104K, used 5939K [0x0000000086e00000, 0x0000000089c00000, 0x00000000d7a00000)
  object space 47104K, 12% used [0x0000000086e00000,0x00000000873ccd30,0x0000000089c00000)
 Metaspace       used 22937K, capacity 23216K, committed 23344K, reserved 1069056K
  class space    used 2803K, capacity 2891K, committed 2944K, reserved 1048576K
}
Event: 21.462 GC heap before
{Heap before GC invocations=8 (full 1):
 PSYoungGen      total 230400K, used 230364K [0x00000000d7a00000, 0x00000000e7d00000, 0x0000000100000000)
  eden space 224768K, 100% used [0x00000000d7a00000,0x00000000e5580000,0x00000000e5580000)
  from space 5632K, 99% used [0x00000000e7780000,0x00000000e7cf70a0,0x00000000e7d00000)
  to   space 9216K, 0% used [0x00000000e6b00000,0x00000000e6b00000,0x00000000e7400000)
 ParOldGen       total 47104K, used 5939K [0x0000000086e00000, 0x0000000089c00000, 0x00000000d7a00000)
  object space 47104K, 12% used [0x0000000086e00000,0x00000000873ccd30,0x0000000089c00000)
 Metaspace       used 30207K, capacity 30580K, committed 30720K, reserved 1077248K
  class space    used 3717K, capacity 3807K, committed 3840K, reserved 1048576K

